#
# There is insufficient memory for the Java Runtime Environment to continue.
# Native memory allocation (malloc) failed to allocate 1048576 bytes for AllocateHeap
# Possible reasons:
#   The system is out of physical RAM or swap space
#   The process is running with CompressedOops enabled, and the Java Heap may be blocking the growth of the native heap
# Possible solutions:
#   Reduce memory load on the system
#   Increase physical memory or swap space
#   Check if swap backing store is full
#   Decrease Java heap size (-Xmx/-Xms)
#   Decrease number of Java threads
#   Decrease Java thread stack sizes (-Xss)
#   Set larger code cache with -XX:ReservedCodeCacheSize=
#   JVM is running with Unscaled Compressed Oops mode in which the Java heap is
#     placed in the first 4GB address space. The Java Heap base address is the
#     maximum limit for the native heap growth. Please use -XX:HeapBaseMinAddress
#     to set the Java Heap base and to place the Java Heap above 4GB virtual address.
# This output file may be truncated or incomplete.
#
#  Out of Memory Error (./src/hotspot/share/memory/allocation.cpp:46), pid=33912, tid=39712
#
# JRE version: OpenJDK Runtime Environment Temurin-11.0.15+10 (11.0.15+10) (build 11.0.15+10)
# Java VM: OpenJDK 64-Bit Server VM Temurin-11.0.15+10 (11.0.15+10, mixed mode, tiered, compressed oops, g1 gc, windows-amd64)
# No core dump will be written. Minidumps are not enabled by default on client versions of Windows
#

---------------  S U M M A R Y ------------

Command Line: -Dcom.sun.management.jmxremote -Dcom.sun.management.jmxremote.port=54738 -Dcom.sun.management.jmxremote.authenticate=false -Dcom.sun.management.jmxremote.ssl=false -Djava.rmi.server.hostname=localhost -Dspring.jmx.enabled=true -Dspring.liveBeansView.mbeanDomain -Dspring.application.admin.enabled=true -XX:TieredStopAtLevel=1 -Dspring.boot.project.name=LoginMicroservicesAPI -Dfile.encoding=UTF-8 com.app.ReceptionistMicroservicesApiApplication --spring.output.ansi.enabled=always

Host: Intel(R) Core(TM) i3-4030U CPU @ 1.90GHz, 4 cores, 7G,  Windows 10 , 64 bit Build 19041 (10.0.19041.1889)
Time: Wed Sep 14 16:15:59 2022 India Standard Time elapsed time: 5.996892 seconds (0d 0h 0m 5s)

---------------  T H R E A D  ---------------

Current thread (0x000002a5afe8d800):  VMThread "VM Thread" [stack: 0x000000ce04c00000,0x000000ce04d00000] [id=39712]

Stack: [0x000000ce04c00000,0x000000ce04d00000]
[error occurred during error reporting (printing stack bounds), id 0xc0000005, EXCEPTION_ACCESS_VIOLATION (0xc0000005) at pc=0x000002a5996e112d]

Native frames: (J=compiled Java code, j=interpreted, Vv=VM code, C=native code)
V  [jvm.dll+0x61e72a]
V  [jvm.dll+0x7aae49]
V  [jvm.dll+0x7ac538]
V  [jvm.dll+0x7acb75]
V  [jvm.dll+0x7acb2b]
V  [jvm.dll+0x61dab7]
V  [jvm.dll+0x61e1c8]
C  [ntdll.dll+0xa229f]
C  [ntdll.dll+0x51454]
C  [ntdll.dll+0xa0dce]
C  0x000002a5996e112d

VM_Operation (0x000000ce05ffb4e0): CollectForMetadataAllocation, mode: safepoint, requested by thread 0x000002a5b1f95800


---------------  P R O C E S S  ---------------

Threads class SMR info:
_java_thread_list=0x000002a5b24178b0, length=15, elements={
0x000002a58f7d7000, 0x000002a5afea1000, 0x000002a5afeac800, 0x000002a5afe9f000,
0x000002a5b0812800, 0x000002a5afeb0000, 0x000002a5afeb3000, 0x000002a5afece800,
0x000002a5b0938000, 0x000002a5b0f40800, 0x000002a5b0f1a000, 0x000002a5b0f65000,
0x000002a5b1e71800, 0x000002a5b13a6000, 0x000002a5b1f95800
}

Java Threads: ( => current thread )
  0x000002a58f7d7000 JavaThread "main" [_thread_blocked, id=37864, stack(0x000000ce04600000,0x000000ce04700000)]
  0x000002a5afea1000 JavaThread "Reference Handler" daemon [_thread_blocked, id=40832, stack(0x000000ce04d00000,0x000000ce04e00000)]
  0x000002a5afeac800 JavaThread "Finalizer" daemon [_thread_blocked, id=35460, stack(0x000000ce04e00000,0x000000ce04f00000)]
  0x000002a5afe9f000 JavaThread "Signal Dispatcher" daemon [_thread_blocked, id=38976, stack(0x000000ce04f00000,0x000000ce05000000)]
  0x000002a5b0812800 JavaThread "Attach Listener" daemon [_thread_blocked, id=23052, stack(0x000000ce05000000,0x000000ce05100000)]
  0x000002a5afeb0000 JavaThread "Service Thread" daemon [_thread_blocked, id=30676, stack(0x000000ce05100000,0x000000ce05200000)]
  0x000002a5afeb3000 JavaThread "C1 CompilerThread0" daemon [_thread_blocked, id=15604, stack(0x000000ce05200000,0x000000ce05300000)]
  0x000002a5afece800 JavaThread "Sweeper thread" daemon [_thread_blocked, id=30240, stack(0x000000ce05300000,0x000000ce05400000)]
  0x000002a5b0938000 JavaThread "Common-Cleaner" daemon [_thread_blocked, id=14348, stack(0x000000ce05400000,0x000000ce05500000)]
  0x000002a5b0f40800 JavaThread "RMI TCP Accept-0" daemon [_thread_in_native, id=40568, stack(0x000000ce05500000,0x000000ce05600000)]
  0x000002a5b0f1a000 JavaThread "RMI TCP Accept-54738" daemon [_thread_in_native, id=8516, stack(0x000000ce05600000,0x000000ce05700000)]
  0x000002a5b0f65000 JavaThread "RMI TCP Accept-0" daemon [_thread_in_native, id=5632, stack(0x000000ce05700000,0x000000ce05800000)]
  0x000002a5b1e71800 JavaThread "Thread-0" [_thread_blocked, id=26928, stack(0x000000ce05c00000,0x000000ce05d00000)]
  0x000002a5b13a6000 JavaThread "restartedMain" [_thread_blocked, id=39164, stack(0x000000ce05d00000,0x000000ce05e00000)]
  0x000002a5b1f95800 JavaThread "background-preinit" [_thread_blocked, id=8544, stack(0x000000ce05f00000,0x000000ce06000000)]

Other Threads:
=>0x000002a5afe8d800 VMThread "VM Thread" [stack: 0x000000ce04c00000,0x000000ce04d00000] [id=39712]
  0x000002a5b0f52000 WatcherThread [stack: 0x000000ce05800000,0x000000ce05900000] [id=12596]
  0x000002a58f7ef000 GCTaskThread "GC Thread#0" [stack: 0x000000ce04700000,0x000000ce04800000] [id=40636]
  0x000002a5b0fc3800 GCTaskThread "GC Thread#1" [stack: 0x000000ce05900000,0x000000ce05a00000] [id=29656]
  0x000002a5b0fe5000 GCTaskThread "GC Thread#2" [stack: 0x000000ce05a00000,0x000000ce05b00000] [id=15016]
  0x000002a5b13c5000 GCTaskThread "GC Thread#3" [stack: 0x000000ce05e00000,0x000000ce05f00000] [id=30696]
  0x000002a58f821000 ConcurrentGCThread "G1 Main Marker" [stack: 0x000000ce04800000,0x000000ce04900000] [id=40100]
  0x000002a58f822800 ConcurrentGCThread "G1 Conc#0" [stack: 0x000000ce04900000,0x000000ce04a00000] [id=20420]
  0x000002a58f8a2000 ConcurrentGCThread "G1 Refine#0" [stack: 0x000000ce04a00000,0x000000ce04b00000] [id=40648]
  0x000002a5b0ff7800 ConcurrentGCThread "G1 Refine#1" [stack: 0x000000ce05b00000,0x000000ce05c00000] [id=1456]
  0x000002a5afce1800 ConcurrentGCThread "G1 Young RemSet Sampling" [stack: 0x000000ce04b00000,0x000000ce04c00000] [id=28656]

Threads with active compile tasks:

VM state:at safepoint (normal execution)

VM Mutex/Monitor currently owned by a thread:  ([mutex/lock_event])
[0x000002a58f7d2df0] Threads_lock - owner thread: 0x000002a5afe8d800
[0x000002a58f7d3390] Heap_lock - owner thread: 0x000002a5b1f95800

Heap address: 0x0000000081a00000, size: 2022 MB, Compressed Oops mode: 32-bit
Narrow klass base: 0x0000000000000000, Narrow klass shift: 3
Compressed class space size: 1073741824 Address: 0x0000000100000000

Heap:
 garbage-first heap   total 131072K, used 12783K [0x0000000081a00000, 0x0000000100000000)
  region size 1024K, 6 young (6144K), 6 survivors (6144K)
 Metaspace       used 28581K, capacity 29342K, committed 29360K, reserved 1083392K
  class space    used 3485K, capacity 3822K, committed 3840K, reserved 1048576K
Heap Regions: E=young(eden), S=young(survivor), O=old, HS=humongous(starts), HC=humongous(continues), CS=collection set, F=free, A=archive, TAMS=top-at-mark-start (previous, next)
|   0|0x0000000081a00000, 0x0000000081b00000, 0x0000000081b00000|100%|HS|  |TAMS 0x0000000081b00000, 0x0000000081b00000| Complete 
|   1|0x0000000081b00000, 0x0000000081c00000, 0x0000000081c00000|100%| O|  |TAMS 0x0000000081c00000, 0x0000000081c00000| Untracked 
|   2|0x0000000081c00000, 0x0000000081d00000, 0x0000000081d00000|100%| O|  |TAMS 0x0000000081d00000, 0x0000000081d00000| Untracked 
|   3|0x0000000081d00000, 0x0000000081e00000, 0x0000000081e00000|100%| O|  |TAMS 0x0000000081e00000, 0x0000000081e00000| Untracked 
|   4|0x0000000081e00000, 0x0000000081f00000, 0x0000000081f00000|100%| O|  |TAMS 0x0000000081f00000, 0x0000000081f00000| Untracked 
|   5|0x0000000081f00000, 0x0000000082000000, 0x0000000082000000|100%| O|  |TAMS 0x0000000082000000, 0x0000000082000000| Untracked 
|   6|0x0000000082000000, 0x0000000082100000, 0x0000000082100000|100%| O|  |TAMS 0x0000000082100000, 0x0000000082100000| Untracked 
|   7|0x0000000082100000, 0x0000000082116a00, 0x0000000082200000|  8%| O|  |TAMS 0x0000000082116a00, 0x0000000082116a00| Untracked 
|   8|0x0000000082200000, 0x0000000082200000, 0x0000000082300000|  0%| F|  |TAMS 0x0000000082200000, 0x0000000082200000| Untracked 
|   9|0x0000000082300000, 0x0000000082300000, 0x0000000082400000|  0%| F|  |TAMS 0x0000000082300000, 0x0000000082300000| Untracked 
|  10|0x0000000082400000, 0x0000000082400000, 0x0000000082500000|  0%| F|  |TAMS 0x0000000082400000, 0x0000000082400000| Untracked 
|  11|0x0000000082500000, 0x0000000082500000, 0x0000000082600000|  0%| F|  |TAMS 0x0000000082500000, 0x0000000082500000| Untracked 
|  12|0x0000000082600000, 0x0000000082600000, 0x0000000082700000|  0%| F|  |TAMS 0x0000000082600000, 0x0000000082600000| Untracked 
|  13|0x0000000082700000, 0x0000000082700000, 0x0000000082800000|  0%| F|  |TAMS 0x0000000082700000, 0x0000000082700000| Untracked 
|  14|0x0000000082800000, 0x0000000082800000, 0x0000000082900000|  0%| F|  |TAMS 0x0000000082800000, 0x0000000082800000| Untracked 
|  15|0x0000000082900000, 0x0000000082900000, 0x0000000082a00000|  0%| F|  |TAMS 0x0000000082900000, 0x0000000082900000| Untracked 
|  16|0x0000000082a00000, 0x0000000082a00000, 0x0000000082b00000|  0%| F|  |TAMS 0x0000000082a00000, 0x0000000082a00000| Untracked 
|  17|0x0000000082b00000, 0x0000000082b00000, 0x0000000082c00000|  0%| F|  |TAMS 0x0000000082b00000, 0x0000000082b00000| Untracked 
|  18|0x0000000082c00000, 0x0000000082c00000, 0x0000000082d00000|  0%| F|  |TAMS 0x0000000082c00000, 0x0000000082c00000| Untracked 
|  19|0x0000000082d00000, 0x0000000082d00000, 0x0000000082e00000|  0%| F|  |TAMS 0x0000000082d00000, 0x0000000082d00000| Untracked 
|  20|0x0000000082e00000, 0x0000000082e00000, 0x0000000082f00000|  0%| F|  |TAMS 0x0000000082e00000, 0x0000000082e00000| Untracked 
|  21|0x0000000082f00000, 0x0000000082f00000, 0x0000000083000000|  0%| F|  |TAMS 0x0000000082f00000, 0x0000000082f00000| Untracked 
|  22|0x0000000083000000, 0x0000000083000000, 0x0000000083100000|  0%| F|  |TAMS 0x0000000083000000, 0x0000000083000000| Untracked 
|  23|0x0000000083100000, 0x0000000083100000, 0x0000000083200000|  0%| F|  |TAMS 0x0000000083100000, 0x0000000083100000| Untracked 
|  24|0x0000000083200000, 0x0000000083200000, 0x0000000083300000|  0%| F|  |TAMS 0x0000000083200000, 0x0000000083200000| Untracked 
|  25|0x0000000083300000, 0x0000000083300000, 0x0000000083400000|  0%| F|  |TAMS 0x0000000083300000, 0x0000000083300000| Untracked 
|  26|0x0000000083400000, 0x0000000083400000, 0x0000000083500000|  0%| F|  |TAMS 0x0000000083400000, 0x0000000083400000| Untracked 
|  27|0x0000000083500000, 0x0000000083500000, 0x0000000083600000|  0%| F|  |TAMS 0x0000000083500000, 0x0000000083500000| Untracked 
|  28|0x0000000083600000, 0x0000000083600000, 0x0000000083700000|  0%| F|  |TAMS 0x0000000083600000, 0x0000000083600000| Untracked 
|  29|0x0000000083700000, 0x0000000083700000, 0x0000000083800000|  0%| F|  |TAMS 0x0000000083700000, 0x0000000083700000| Untracked 
|  30|0x0000000083800000, 0x0000000083800000, 0x0000000083900000|  0%| F|  |TAMS 0x0000000083800000, 0x0000000083800000| Untracked 
|  31|0x0000000083900000, 0x0000000083900000, 0x0000000083a00000|  0%| F|  |TAMS 0x0000000083900000, 0x0000000083900000| Untracked 
|  32|0x0000000083a00000, 0x0000000083a00000, 0x0000000083b00000|  0%| F|  |TAMS 0x0000000083a00000, 0x0000000083a00000| Untracked 
|  33|0x0000000083b00000, 0x0000000083b00000, 0x0000000083c00000|  0%| F|  |TAMS 0x0000000083b00000, 0x0000000083b00000| Untracked 
|  34|0x0000000083c00000, 0x0000000083c00000, 0x0000000083d00000|  0%| F|  |TAMS 0x0000000083c00000, 0x0000000083c00000| Untracked 
|  35|0x0000000083d00000, 0x0000000083d00000, 0x0000000083e00000|  0%| F|  |TAMS 0x0000000083d00000, 0x0000000083d00000| Untracked 
|  36|0x0000000083e00000, 0x0000000083e00000, 0x0000000083f00000|  0%| F|  |TAMS 0x0000000083e00000, 0x0000000083e00000| Untracked 
|  37|0x0000000083f00000, 0x0000000083f00000, 0x0000000084000000|  0%| F|  |TAMS 0x0000000083f00000, 0x0000000083f00000| Untracked 
|  38|0x0000000084000000, 0x0000000084000000, 0x0000000084100000|  0%| F|  |TAMS 0x0000000084000000, 0x0000000084000000| Untracked 
|  39|0x0000000084100000, 0x0000000084100000, 0x0000000084200000|  0%| F|  |TAMS 0x0000000084100000, 0x0000000084100000| Untracked 
|  40|0x0000000084200000, 0x0000000084200000, 0x0000000084300000|  0%| F|  |TAMS 0x0000000084200000, 0x0000000084200000| Untracked 
|  41|0x0000000084300000, 0x0000000084300000, 0x0000000084400000|  0%| F|  |TAMS 0x0000000084300000, 0x0000000084300000| Untracked 
|  42|0x0000000084400000, 0x0000000084400000, 0x0000000084500000|  0%| F|  |TAMS 0x0000000084400000, 0x0000000084400000| Untracked 
|  43|0x0000000084500000, 0x0000000084500000, 0x0000000084600000|  0%| F|  |TAMS 0x0000000084500000, 0x0000000084500000| Untracked 
|  44|0x0000000084600000, 0x0000000084600000, 0x0000000084700000|  0%| F|  |TAMS 0x0000000084600000, 0x0000000084600000| Untracked 
|  45|0x0000000084700000, 0x0000000084700000, 0x0000000084800000|  0%| F|  |TAMS 0x0000000084700000, 0x0000000084700000| Untracked 
|  46|0x0000000084800000, 0x0000000084800000, 0x0000000084900000|  0%| F|  |TAMS 0x0000000084800000, 0x0000000084800000| Untracked 
|  47|0x0000000084900000, 0x0000000084900000, 0x0000000084a00000|  0%| F|  |TAMS 0x0000000084900000, 0x0000000084900000| Untracked 
|  48|0x0000000084a00000, 0x0000000084a00000, 0x0000000084b00000|  0%| F|  |TAMS 0x0000000084a00000, 0x0000000084a00000| Untracked 
|  49|0x0000000084b00000, 0x0000000084b00000, 0x0000000084c00000|  0%| F|  |TAMS 0x0000000084b00000, 0x0000000084b00000| Untracked 
|  50|0x0000000084c00000, 0x0000000084c00000, 0x0000000084d00000|  0%| F|  |TAMS 0x0000000084c00000, 0x0000000084c00000| Untracked 
|  51|0x0000000084d00000, 0x0000000084d00000, 0x0000000084e00000|  0%| F|  |TAMS 0x0000000084d00000, 0x0000000084d00000| Untracked 
|  52|0x0000000084e00000, 0x0000000084e00000, 0x0000000084f00000|  0%| F|  |TAMS 0x0000000084e00000, 0x0000000084e00000| Untracked 
|  53|0x0000000084f00000, 0x0000000084f00000, 0x0000000085000000|  0%| F|  |TAMS 0x0000000084f00000, 0x0000000084f00000| Untracked 
|  54|0x0000000085000000, 0x0000000085000000, 0x0000000085100000|  0%| F|  |TAMS 0x0000000085000000, 0x0000000085000000| Untracked 
|  55|0x0000000085100000, 0x0000000085100000, 0x0000000085200000|  0%| F|  |TAMS 0x0000000085100000, 0x0000000085100000| Untracked 
|  56|0x0000000085200000, 0x0000000085200000, 0x0000000085300000|  0%| F|  |TAMS 0x0000000085200000, 0x0000000085200000| Untracked 
|  57|0x0000000085300000, 0x0000000085300000, 0x0000000085400000|  0%| F|  |TAMS 0x0000000085300000, 0x0000000085300000| Untracked 
|  58|0x0000000085400000, 0x0000000085400000, 0x0000000085500000|  0%| F|  |TAMS 0x0000000085400000, 0x0000000085400000| Untracked 
|  59|0x0000000085500000, 0x0000000085500000, 0x0000000085600000|  0%| F|  |TAMS 0x0000000085500000, 0x0000000085500000| Untracked 
|  60|0x0000000085600000, 0x0000000085600000, 0x0000000085700000|  0%| F|  |TAMS 0x0000000085600000, 0x0000000085600000| Untracked 
|  61|0x0000000085700000, 0x0000000085700000, 0x0000000085800000|  0%| F|  |TAMS 0x0000000085700000, 0x0000000085700000| Untracked 
|  62|0x0000000085800000, 0x0000000085800000, 0x0000000085900000|  0%| F|  |TAMS 0x0000000085800000, 0x0000000085800000| Untracked 
|  63|0x0000000085900000, 0x0000000085900000, 0x0000000085a00000|  0%| F|  |TAMS 0x0000000085900000, 0x0000000085900000| Untracked 
|  64|0x0000000085a00000, 0x0000000085a00000, 0x0000000085b00000|  0%| F|  |TAMS 0x0000000085a00000, 0x0000000085a00000| Untracked 
|  65|0x0000000085b00000, 0x0000000085b00000, 0x0000000085c00000|  0%| F|  |TAMS 0x0000000085b00000, 0x0000000085b00000| Untracked 
|  66|0x0000000085c00000, 0x0000000085c00000, 0x0000000085d00000|  0%| F|  |TAMS 0x0000000085c00000, 0x0000000085c00000| Untracked 
|  67|0x0000000085d00000, 0x0000000085d00000, 0x0000000085e00000|  0%| F|  |TAMS 0x0000000085d00000, 0x0000000085d00000| Untracked 
|  68|0x0000000085e00000, 0x0000000085e00000, 0x0000000085f00000|  0%| F|  |TAMS 0x0000000085e00000, 0x0000000085e00000| Untracked 
|  69|0x0000000085f00000, 0x0000000085f00000, 0x0000000086000000|  0%| F|  |TAMS 0x0000000085f00000, 0x0000000085f00000| Untracked 
|  70|0x0000000086000000, 0x0000000086000000, 0x0000000086100000|  0%| F|  |TAMS 0x0000000086000000, 0x0000000086000000| Untracked 
|  71|0x0000000086100000, 0x0000000086100000, 0x0000000086200000|  0%| F|  |TAMS 0x0000000086100000, 0x0000000086100000| Untracked 
|  72|0x0000000086200000, 0x0000000086200000, 0x0000000086300000|  0%| F|  |TAMS 0x0000000086200000, 0x0000000086200000| Untracked 
|  73|0x0000000086300000, 0x0000000086300000, 0x0000000086400000|  0%| F|  |TAMS 0x0000000086300000, 0x0000000086300000| Untracked 
|  74|0x0000000086400000, 0x0000000086400000, 0x0000000086500000|  0%| F|  |TAMS 0x0000000086400000, 0x0000000086400000| Untracked 
|  75|0x0000000086500000, 0x0000000086500000, 0x0000000086600000|  0%| F|  |TAMS 0x0000000086500000, 0x0000000086500000| Untracked 
|  76|0x0000000086600000, 0x0000000086600000, 0x0000000086700000|  0%| F|  |TAMS 0x0000000086600000, 0x0000000086600000| Untracked 
|  77|0x0000000086700000, 0x0000000086700000, 0x0000000086800000|  0%| F|  |TAMS 0x0000000086700000, 0x0000000086700000| Untracked 
|  78|0x0000000086800000, 0x0000000086800000, 0x0000000086900000|  0%| F|  |TAMS 0x0000000086800000, 0x0000000086800000| Untracked 
|  79|0x0000000086900000, 0x0000000086900000, 0x0000000086a00000|  0%| F|  |TAMS 0x0000000086900000, 0x0000000086900000| Untracked 
|  80|0x0000000086a00000, 0x0000000086a00000, 0x0000000086b00000|  0%| F|  |TAMS 0x0000000086a00000, 0x0000000086a00000| Untracked 
|  81|0x0000000086b00000, 0x0000000086b00000, 0x0000000086c00000|  0%| F|  |TAMS 0x0000000086b00000, 0x0000000086b00000| Untracked 
|  82|0x0000000086c00000, 0x0000000086c00000, 0x0000000086d00000|  0%| F|  |TAMS 0x0000000086c00000, 0x0000000086c00000| Untracked 
|  83|0x0000000086d00000, 0x0000000086d00000, 0x0000000086e00000|  0%| F|  |TAMS 0x0000000086d00000, 0x0000000086d00000| Untracked 
|  84|0x0000000086e00000, 0x0000000086e00000, 0x0000000086f00000|  0%| F|  |TAMS 0x0000000086e00000, 0x0000000086e00000| Untracked 
|  85|0x0000000086f00000, 0x0000000086f00000, 0x0000000087000000|  0%| F|  |TAMS 0x0000000086f00000, 0x0000000086f00000| Untracked 
|  86|0x0000000087000000, 0x0000000087000000, 0x0000000087100000|  0%| F|  |TAMS 0x0000000087000000, 0x0000000087000000| Untracked 
|  87|0x0000000087100000, 0x0000000087100000, 0x0000000087200000|  0%| F|  |TAMS 0x0000000087100000, 0x0000000087100000| Untracked 
|  88|0x0000000087200000, 0x0000000087200000, 0x0000000087300000|  0%| F|  |TAMS 0x0000000087200000, 0x0000000087200000| Untracked 
|  89|0x0000000087300000, 0x0000000087300000, 0x0000000087400000|  0%| F|  |TAMS 0x0000000087300000, 0x0000000087300000| Untracked 
|  90|0x0000000087400000, 0x0000000087400000, 0x0000000087500000|  0%| F|  |TAMS 0x0000000087400000, 0x0000000087400000| Untracked 
|  91|0x0000000087500000, 0x0000000087500000, 0x0000000087600000|  0%| F|  |TAMS 0x0000000087500000, 0x0000000087500000| Untracked 
|  92|0x0000000087600000, 0x0000000087600000, 0x0000000087700000|  0%| F|  |TAMS 0x0000000087600000, 0x0000000087600000| Untracked 
|  93|0x0000000087700000, 0x0000000087700000, 0x0000000087800000|  0%| F|  |TAMS 0x0000000087700000, 0x0000000087700000| Untracked 
|  94|0x0000000087800000, 0x0000000087800000, 0x0000000087900000|  0%| F|  |TAMS 0x0000000087800000, 0x0000000087800000| Untracked 
|  95|0x0000000087900000, 0x0000000087900000, 0x0000000087a00000|  0%| F|  |TAMS 0x0000000087900000, 0x0000000087900000| Untracked 
|  96|0x0000000087a00000, 0x0000000087a00000, 0x0000000087b00000|  0%| F|  |TAMS 0x0000000087a00000, 0x0000000087a00000| Untracked 
|  97|0x0000000087b00000, 0x0000000087b00000, 0x0000000087c00000|  0%| F|  |TAMS 0x0000000087b00000, 0x0000000087b00000| Untracked 
|  98|0x0000000087c00000, 0x0000000087c00000, 0x0000000087d00000|  0%| F|  |TAMS 0x0000000087c00000, 0x0000000087c00000| Untracked 
|  99|0x0000000087d00000, 0x0000000087d00000, 0x0000000087e00000|  0%| F|  |TAMS 0x0000000087d00000, 0x0000000087d00000| Untracked 
| 100|0x0000000087e00000, 0x0000000087e00000, 0x0000000087f00000|  0%| F|  |TAMS 0x0000000087e00000, 0x0000000087e00000| Untracked 
| 101|0x0000000087f00000, 0x0000000087f00000, 0x0000000088000000|  0%| F|  |TAMS 0x0000000087f00000, 0x0000000087f00000| Untracked 
| 102|0x0000000088000000, 0x0000000088000000, 0x0000000088100000|  0%| F|  |TAMS 0x0000000088000000, 0x0000000088000000| Untracked 
| 103|0x0000000088100000, 0x0000000088100000, 0x0000000088200000|  0%| F|  |TAMS 0x0000000088100000, 0x0000000088100000| Untracked 
| 104|0x0000000088200000, 0x0000000088200000, 0x0000000088300000|  0%| F|  |TAMS 0x0000000088200000, 0x0000000088200000| Untracked 
| 105|0x0000000088300000, 0x0000000088300000, 0x0000000088400000|  0%| F|  |TAMS 0x0000000088300000, 0x0000000088300000| Untracked 
| 106|0x0000000088400000, 0x0000000088400000, 0x0000000088500000|  0%| F|  |TAMS 0x0000000088400000, 0x0000000088400000| Untracked 
| 107|0x0000000088500000, 0x0000000088500000, 0x0000000088600000|  0%| F|  |TAMS 0x0000000088500000, 0x0000000088500000| Untracked 
| 108|0x0000000088600000, 0x0000000088600000, 0x0000000088700000|  0%| F|  |TAMS 0x0000000088600000, 0x0000000088600000| Untracked 
| 109|0x0000000088700000, 0x0000000088700000, 0x0000000088800000|  0%| F|  |TAMS 0x0000000088700000, 0x0000000088700000| Untracked 
| 110|0x0000000088800000, 0x0000000088800000, 0x0000000088900000|  0%| F|  |TAMS 0x0000000088800000, 0x0000000088800000| Untracked 
| 111|0x0000000088900000, 0x0000000088900000, 0x0000000088a00000|  0%| F|  |TAMS 0x0000000088900000, 0x0000000088900000| Untracked 
| 112|0x0000000088a00000, 0x0000000088a65360, 0x0000000088b00000| 39%| S|CS|TAMS 0x0000000088a00000, 0x0000000088a00000| Complete 
| 113|0x0000000088b00000, 0x0000000088c00000, 0x0000000088c00000|100%| S|CS|TAMS 0x0000000088b00000, 0x0000000088b00000| Complete 
| 114|0x0000000088c00000, 0x0000000088d00000, 0x0000000088d00000|100%| S|CS|TAMS 0x0000000088c00000, 0x0000000088c00000| Complete 
| 115|0x0000000088d00000, 0x0000000088e00000, 0x0000000088e00000|100%| S|CS|TAMS 0x0000000088d00000, 0x0000000088d00000| Complete 
| 116|0x0000000088e00000, 0x0000000088f00000, 0x0000000088f00000|100%| S|CS|TAMS 0x0000000088e00000, 0x0000000088e00000| Complete 
| 117|0x0000000088f00000, 0x0000000089000000, 0x0000000089000000|100%| S|CS|TAMS 0x0000000088f00000, 0x0000000088f00000| Complete 
| 118|0x0000000089000000, 0x0000000089000000, 0x0000000089100000|  0%| F|  |TAMS 0x0000000089000000, 0x0000000089000000| Untracked 
| 119|0x0000000089100000, 0x0000000089100000, 0x0000000089200000|  0%| F|  |TAMS 0x0000000089100000, 0x0000000089100000| Untracked 
| 120|0x0000000089200000, 0x0000000089200000, 0x0000000089300000|  0%| F|  |TAMS 0x0000000089200000, 0x0000000089200000| Untracked 
| 121|0x0000000089300000, 0x0000000089300000, 0x0000000089400000|  0%| F|  |TAMS 0x0000000089300000, 0x0000000089300000| Untracked 
| 122|0x0000000089400000, 0x0000000089400000, 0x0000000089500000|  0%| F|  |TAMS 0x0000000089400000, 0x0000000089400000| Untracked 
| 123|0x0000000089500000, 0x0000000089500000, 0x0000000089600000|  0%| F|  |TAMS 0x0000000089500000, 0x0000000089500000| Untracked 
| 124|0x0000000089600000, 0x0000000089600000, 0x0000000089700000|  0%| F|  |TAMS 0x0000000089600000, 0x0000000089600000| Untracked 
| 125|0x0000000089700000, 0x0000000089700000, 0x0000000089800000|  0%| F|  |TAMS 0x0000000089700000, 0x0000000089700000| Untracked 
| 126|0x0000000089800000, 0x0000000089800000, 0x0000000089900000|  0%| F|  |TAMS 0x0000000089800000, 0x0000000089800000| Untracked 
| 127|0x0000000089900000, 0x0000000089900000, 0x0000000089a00000|  0%| F|  |TAMS 0x0000000089900000, 0x0000000089900000| Untracked 

Card table byte_map: [0x000002a5a9100000,0x000002a5a9500000] _byte_map_base: 0x000002a5a8cf3000

Marking Bits (Prev, Next): (CMBitMap*) 0x000002a58f818630, (CMBitMap*) 0x000002a58f8185f8
 Prev Bits: [0x000002a5ab8a0000, 0x000002a5ad838000)
 Next Bits: [0x000002a5a9900000, 0x000002a5ab898000)

Polling page: 0x000002a58f670000

Metaspace:

Usage:
  Non-class:     24.92 MB capacity,    24.51 MB ( 98%) used,   336.23 KB (  1%) free+waste,    87.31 KB ( <1%) overhead. 
      Class:      3.73 MB capacity,     3.40 MB ( 91%) used,   293.09 KB (  8%) free+waste,    43.75 KB (  1%) overhead. 
       Both:     28.65 MB capacity,    27.91 MB ( 97%) used,   629.33 KB (  2%) free+waste,   131.06 KB ( <1%) overhead. 

Virtual space:
  Non-class space:       34.00 MB reserved,      24.92 MB ( 73%) committed 
      Class space:        1.00 GB reserved,       3.75 MB ( <1%) committed 
             Both:        1.03 GB reserved,      28.67 MB (  3%) committed 

Chunk freelists:
   Non-Class:  0 bytes
       Class:  18.00 KB
        Both:  18.00 KB

MaxMetaspaceSize: 17179869184.00 GB
CompressedClassSpaceSize: 1.00 GB
Initial GC threshold: 20.80 MB
Current GC threshold: 35.40 MB
CDS: off

CodeHeap 'non-profiled nmethods': size=238912Kb used=3544Kb max_used=3544Kb free=235367Kb
 bounds [0x000002a599d90000, 0x000002a59a110000, 0x000002a5a86e0000]
CodeHeap 'non-nmethods': size=6848Kb used=1192Kb max_used=1192Kb free=5656Kb
 bounds [0x000002a5996e0000, 0x000002a599950000, 0x000002a599d90000]
 total_blobs=2889 nmethods=2426 adapters=390
 compilation: enabled
              stopped_count=0, restarted_count=0
 full_count=0

Compilation events (20 events):
Event: 5.968 Thread 0x000002a5afeb3000 2410       1       org.springframework.util.ConcurrentReferenceHashMap::getLoadFactor (5 bytes)
Event: 5.968 Thread 0x000002a5afeb3000 nmethod 2410 0x000002a59a102090 code [0x000002a59a102240, 0x000002a59a1022f8]
Event: 5.968 Thread 0x000002a5afeb3000 2418       1       org.springframework.core.annotation.TypeMappedAnnotation::getAggregateIndex (5 bytes)
Event: 5.968 Thread 0x000002a5afeb3000 nmethod 2418 0x000002a59a102390 code [0x000002a59a102540, 0x000002a59a1025f8]
Event: 5.972 Thread 0x000002a5afeb3000 2420       1       org.springframework.asm.Type::getClassName (172 bytes)
Event: 5.974 Thread 0x000002a5afeb3000 nmethod 2420 0x000002a59a102690 code [0x000002a59a102940, 0x000002a59a103198]
Event: 5.974 Thread 0x000002a5afeb3000 2422       1       org.springframework.asm.ClassReader::readElementValues (88 bytes)
Event: 5.975 Thread 0x000002a5afeb3000 nmethod 2422 0x000002a59a103690 code [0x000002a59a103880, 0x000002a59a103bb8]
Event: 5.975 Thread 0x000002a5afeb3000 2419       1       org.springframework.asm.Type::getTypeInternal (218 bytes)
Event: 5.977 Thread 0x000002a5afeb3000 nmethod 2419 0x000002a59a103e90 code [0x000002a59a104100, 0x000002a59a1049f8]
Event: 5.977 Thread 0x000002a5afeb3000 2421       1       org.springframework.asm.Type::<init> (26 bytes)
Event: 5.977 Thread 0x000002a5afeb3000 nmethod 2421 0x000002a59a104d90 code [0x000002a59a104f40, 0x000002a59a105058]
Event: 5.978 Thread 0x000002a5afeb3000 2423       1       org.springframework.core.type.classreading.SimpleAnnotationMetadataReadingVisitor::toClassName (5 bytes)
Event: 5.978 Thread 0x000002a5afeb3000 nmethod 2423 0x000002a59a105110 code [0x000002a59a1052e0, 0x000002a59a105498]
Event: 5.978 Thread 0x000002a5afeb3000 2424       1       org.springframework.util.ClassUtils::convertResourcePathToClassName (15 bytes)
Event: 5.979 Thread 0x000002a5afeb3000 nmethod 2424 0x000002a59a105590 code [0x000002a59a105760, 0x000002a59a1058d8]
Event: 5.979 Thread 0x000002a5afeb3000 2425       1       org.springframework.core.annotation.AnnotationTypeMappings::forAnnotationType (12 bytes)
Event: 5.979 Thread 0x000002a5afeb3000 nmethod 2425 0x000002a59a105a10 code [0x000002a59a105bc0, 0x000002a59a105da8]
Event: 5.979 Thread 0x000002a5afeb3000 2426       1       org.springframework.asm.Type::getType (10 bytes)
Event: 5.979 Thread 0x000002a5afeb3000 nmethod 2426 0x000002a59a105e90 code [0x000002a59a106040, 0x000002a59a106128]

GC Heap History (14 events):
Event: 2.962 GC heap before
{Heap before GC invocations=0 (full 0):
 garbage-first heap   total 131072K, used 14336K [0x0000000081a00000, 0x0000000100000000)
  region size 1024K, 14 young (14336K), 0 survivors (0K)
 Metaspace       used 11748K, capacity 12062K, committed 12160K, reserved 1060864K
  class space    used 1228K, capacity 1369K, committed 1408K, reserved 1048576K
}
Event: 2.973 GC heap after
{Heap after GC invocations=1 (full 0):
 garbage-first heap   total 131072K, used 7159K [0x0000000081a00000, 0x0000000100000000)
  region size 1024K, 2 young (2048K), 2 survivors (2048K)
 Metaspace       used 11748K, capacity 12062K, committed 12160K, reserved 1060864K
  class space    used 1228K, capacity 1369K, committed 1408K, reserved 1048576K
}
Event: 3.203 GC heap before
{Heap before GC invocations=1 (full 0):
 garbage-first heap   total 131072K, used 11255K [0x0000000081a00000, 0x0000000100000000)
  region size 1024K, 6 young (6144K), 2 survivors (2048K)
 Metaspace       used 13398K, capacity 13715K, committed 13824K, reserved 1060864K
  class space    used 1387K, capacity 1536K, committed 1536K, reserved 1048576K
}
Event: 3.210 GC heap after
{Heap after GC invocations=2 (full 0):
 garbage-first heap   total 131072K, used 8092K [0x0000000081a00000, 0x0000000100000000)
  region size 1024K, 1 young (1024K), 1 survivors (1024K)
 Metaspace       used 13398K, capacity 13715K, committed 13824K, reserved 1060864K
  class space    used 1387K, capacity 1536K, committed 1536K, reserved 1048576K
}
Event: 3.915 GC heap before
{Heap before GC invocations=2 (full 0):
 garbage-first heap   total 131072K, used 27548K [0x0000000081a00000, 0x0000000100000000)
  region size 1024K, 20 young (20480K), 1 survivors (1024K)
 Metaspace       used 15332K, capacity 15705K, committed 15872K, reserved 1062912K
  class space    used 1648K, capacity 1777K, committed 1792K, reserved 1048576K
}
Event: 3.920 GC heap after
{Heap after GC invocations=3 (full 0):
 garbage-first heap   total 131072K, used 8629K [0x0000000081a00000, 0x0000000100000000)
  region size 1024K, 2 young (2048K), 2 survivors (2048K)
 Metaspace       used 15332K, capacity 15705K, committed 15872K, reserved 1062912K
  class space    used 1648K, capacity 1777K, committed 1792K, reserved 1048576K
}
Event: 4.694 GC heap before
{Heap before GC invocations=3 (full 0):
 garbage-first heap   total 131072K, used 37301K [0x0000000081a00000, 0x0000000100000000)
  region size 1024K, 31 young (31744K), 2 survivors (2048K)
 Metaspace       used 19384K, capacity 19979K, committed 20224K, reserved 1067008K
  class space    used 2260K, capacity 2493K, committed 2560K, reserved 1048576K
}
Event: 4.701 GC heap after
{Heap after GC invocations=4 (full 0):
 garbage-first heap   total 131072K, used 9920K [0x0000000081a00000, 0x0000000100000000)
  region size 1024K, 3 young (3072K), 3 survivors (3072K)
 Metaspace       used 19384K, capacity 19979K, committed 20224K, reserved 1067008K
  class space    used 2260K, capacity 2493K, committed 2560K, reserved 1048576K
}
Event: 4.825 GC heap before
{Heap before GC invocations=4 (full 0):
 garbage-first heap   total 131072K, used 15040K [0x0000000081a00000, 0x0000000100000000)
  region size 1024K, 10 young (10240K), 3 survivors (3072K)
 Metaspace       used 20593K, capacity 21179K, committed 21296K, reserved 1069056K
  class space    used 2392K, capacity 2659K, committed 2688K, reserved 1048576K
}
Event: 4.832 GC heap after
{Heap after GC invocations=5 (full 0):
 garbage-first heap   total 131072K, used 10060K [0x0000000081a00000, 0x0000000100000000)
  region size 1024K, 3 young (3072K), 3 survivors (3072K)
 Metaspace       used 20593K, capacity 21179K, committed 21296K, reserved 1069056K
  class space    used 2392K, capacity 2659K, committed 2688K, reserved 1048576K
}
Event: 5.857 GC heap before
{Heap before GC invocations=6 (full 0):
 garbage-first heap   total 131072K, used 74572K [0x0000000081a00000, 0x0000000100000000)
  region size 1024K, 67 young (68608K), 3 survivors (3072K)
 Metaspace       used 27705K, capacity 28493K, committed 28720K, reserved 1075200K
  class space    used 3360K, capacity 3688K, committed 3712K, reserved 1048576K
}
Event: 5.869 GC heap after
{Heap after GC invocations=7 (full 0):
 garbage-first heap   total 131072K, used 12104K [0x0000000081a00000, 0x0000000100000000)
  region size 1024K, 5 young (5120K), 5 survivors (5120K)
 Metaspace       used 27705K, capacity 28493K, committed 28720K, reserved 1075200K
  class space    used 3360K, capacity 3688K, committed 3712K, reserved 1048576K
}
Event: 5.980 GC heap before
{Heap before GC invocations=7 (full 0):
 garbage-first heap   total 131072K, used 21320K [0x0000000081a00000, 0x0000000100000000)
  region size 1024K, 15 young (15360K), 5 survivors (5120K)
 Metaspace       used 28581K, capacity 29342K, committed 29360K, reserved 1081344K
  class space    used 3485K, capacity 3822K, committed 3840K, reserved 1048576K
}
Event: 5.992 GC heap after
{Heap after GC invocations=8 (full 0):
 garbage-first heap   total 131072K, used 12783K [0x0000000081a00000, 0x0000000100000000)
  region size 1024K, 6 young (6144K), 6 survivors (6144K)
 Metaspace       used 28581K, capacity 29342K, committed 29360K, reserved 1081344K
  class space    used 3485K, capacity 3822K, committed 3840K, reserved 1048576K
}

Deoptimization events (0 events):
No events

Classes redefined (0 events):
No events

Internal exceptions (20 events):
Event: 4.790 Thread 0x000002a5b1f95800 Exception <a 'java/lang/NoSuchMethodError'{0x0000000089416030}: 'void java.lang.invoke.DirectMethodHandle$Holder.invokeInterface(java.lang.Object, java.lang.Object, java.lang.Object, java.lang.Object)'> (0x0000000089416030) thrown at [./src/hotspot/share/interpreter/linkResolver.cpp, line 773]
Event: 5.129 Thread 0x000002a5b13a6000 Exception <a 'java/lang/ClassNotFoundException'{0x0000000088110c40}: java/lang/ObjectCustomizer> (0x0000000088110c40) thrown at [./src/hotspot/share/classfile/systemDictionary.cpp, line 230]
Event: 5.147 Thread 0x000002a5b13a6000 Exception <a 'java/lang/ClassNotFoundException'{0x0000000088146368}: org/springframework/context/annotation/ConfigurationClassPostProcessorCustomizer> (0x0000000088146368) thrown at [./src/hotspot/share/classfile/systemDictionary.cpp, line 230]
Event: 5.152 Thread 0x000002a5b13a6000 Exception <a 'java/lang/ClassNotFoundException'{0x00000000880c0df0}: org/springframework/beans/factory/support/BeanDefinitionRegistryPostProcessorCustomizer> (0x00000000880c0df0) thrown at [./src/hotspot/share/classfile/systemDictionary.cpp, line 230]
Event: 5.153 Thread 0x000002a5b13a6000 Exception <a 'java/lang/ClassNotFoundException'{0x00000000880daed8}: org/springframework/beans/factory/config/BeanFactoryPostProcessorCustomizer> (0x00000000880daed8) thrown at [./src/hotspot/share/classfile/systemDictionary.cpp, line 230]
Event: 5.154 Thread 0x000002a5b13a6000 Exception <a 'java/lang/ClassNotFoundException'{0x00000000880f0d78}: org/springframework/core/PriorityOrderedCustomizer> (0x00000000880f0d78) thrown at [./src/hotspot/share/classfile/systemDictionary.cpp, line 230]
Event: 5.155 Thread 0x000002a5b13a6000 Exception <a 'java/lang/ClassNotFoundException'{0x0000000087f44450}: org/springframework/core/OrderedCustomizer> (0x0000000087f44450) thrown at [./src/hotspot/share/classfile/systemDictionary.cpp, line 230]
Event: 5.156 Thread 0x000002a5b13a6000 Exception <a 'java/lang/ClassNotFoundException'{0x0000000087f5b108}: org/springframework/context/ResourceLoaderAwareCustomizer> (0x0000000087f5b108) thrown at [./src/hotspot/share/classfile/systemDictionary.cpp, line 230]
Event: 5.158 Thread 0x000002a5b13a6000 Exception <a 'java/lang/ClassNotFoundException'{0x0000000087f70b38}: org/springframework/beans/factory/AwareCustomizer> (0x0000000087f70b38) thrown at [./src/hotspot/share/classfile/systemDictionary.cpp, line 230]
Event: 5.159 Thread 0x000002a5b13a6000 Exception <a 'java/lang/ClassNotFoundException'{0x0000000087f87510}: org/springframework/context/ApplicationStartupAwareCustomizer> (0x0000000087f87510) thrown at [./src/hotspot/share/classfile/systemDictionary.cpp, line 230]
Event: 5.161 Thread 0x000002a5b13a6000 Exception <a 'java/lang/ClassNotFoundException'{0x0000000087f9d1b8}: org/springframework/beans/factory/AwareCustomizer> (0x0000000087f9d1b8) thrown at [./src/hotspot/share/classfile/systemDictionary.cpp, line 230]
Event: 5.163 Thread 0x000002a5b13a6000 Exception <a 'java/lang/ClassNotFoundException'{0x0000000087fb4338}: org/springframework/beans/factory/BeanClassLoaderAwareCustomizer> (0x0000000087fb4338) thrown at [./src/hotspot/share/classfile/systemDictionary.cpp, line 230]
Event: 5.164 Thread 0x000002a5b13a6000 Exception <a 'java/lang/ClassNotFoundException'{0x0000000087e49fa8}: org/springframework/beans/factory/AwareCustomizer> (0x0000000087e49fa8) thrown at [./src/hotspot/share/classfile/systemDictionary.cpp, line 230]
Event: 5.165 Thread 0x000002a5b13a6000 Exception <a 'java/lang/ClassNotFoundException'{0x0000000087e5f948}: org/springframework/context/EnvironmentAwareCustomizer> (0x0000000087e5f948) thrown at [./src/hotspot/share/classfile/systemDictionary.cpp, line 230]
Event: 5.167 Thread 0x000002a5b13a6000 Exception <a 'java/lang/ClassNotFoundException'{0x0000000087e75308}: org/springframework/beans/factory/AwareCustomizer> (0x0000000087e75308) thrown at [./src/hotspot/share/classfile/systemDictionary.cpp, line 230]
Event: 5.555 Thread 0x000002a5b1f95800 Exception <a 'java/lang/NoSuchMethodError'{0x0000000086dc3bc8}: 'java.lang.Object java.lang.invoke.DirectMethodHandle$Holder.invokeStaticInit(java.lang.Object, java.lang.Object, java.lang.Object, java.lang.Object, java.lang.Object)'> (0x0000000086dc3bc8) thrown at [./src/hotspot/share/interpreter/linkResolver.cpp, line 773]
Event: 5.569 Thread 0x000002a5b1f95800 Exception <a 'java/lang/NoSuchMethodError'{0x0000000086c2fa90}: 'java.lang.Object java.lang.invoke.DirectMethodHandle$Holder.invokeSpecial(java.lang.Object, java.lang.Object, int, int, java.lang.Object, java.lang.Object, java.lang.Object)'> (0x0000000086c2fa90) thrown at [./src/hotspot/share/interpreter/linkResolver.cpp, line 773]
Event: 5.569 Thread 0x000002a5b1f95800 Exception <a 'java/lang/NoSuchMethodError'{0x0000000086c33020}: 'java.lang.Object java.lang.invoke.DelegatingMethodHandle$Holder.reinvoke_L(java.lang.Object, int, int, java.lang.Object, java.lang.Object, java.lang.Object)'> (0x0000000086c33020) thrown at [./src/hotspot/share/interpreter/linkResolver.cpp, line 773]
Event: 5.577 Thread 0x000002a5b1f95800 Exception <a 'java/lang/NoSuchMethodError'{0x0000000086c36f00}: 'java.lang.Object java.lang.invoke.DirectMethodHandle$Holder.invokeStatic(java.lang.Object, java.lang.Object, java.lang.Object, java.lang.Object, int)'> (0x0000000086c36f00) thrown at [./src/hotspot/share/interpreter/linkResolver.cpp, line 773]
Event: 5.935 Thread 0x000002a5b13a6000 Exception <a 'java/lang/IncompatibleClassChangeError'{0x0000000089302960}: Found class java.lang.Object, but interface was expected> (0x0000000089302960) thrown at [./src/hotspot/share/interpreter/linkResolver.cpp, line 839]

Events (20 events):
Event: 5.966 loading class org/springframework/boot/context/properties/ConfigurationProperties done
Event: 5.967 loading class com/fasterxml/jackson/databind/deser/std/AtomicReferenceDeserializer
Event: 5.967 loading class com/fasterxml/jackson/databind/deser/std/AtomicReferenceDeserializer done
Event: 5.968 loading class com/fasterxml/jackson/databind/deser/std/ReferenceTypeDeserializer
Event: 5.968 loading class com/fasterxml/jackson/databind/deser/std/ReferenceTypeDeserializer done
Event: 5.970 loading class com/fasterxml/jackson/databind/deser/SettableBeanProperty
Event: 5.970 loading class com/fasterxml/jackson/databind/deser/SettableBeanProperty done
Event: 5.972 loading class com/fasterxml/jackson/databind/deser/CreatorProperty
Event: 5.972 loading class com/fasterxml/jackson/databind/deser/CreatorProperty done
Event: 5.975 loading class com/fasterxml/jackson/annotation/ObjectIdGenerator
Event: 5.975 loading class com/fasterxml/jackson/annotation/ObjectIdGenerator done
Event: 5.976 loading class com/fasterxml/jackson/databind/deser/impl/PropertyBasedObjectIdGenerator
Event: 5.976 loading class com/fasterxml/jackson/databind/deser/impl/PropertyBasedObjectIdGenerator done
Event: 5.977 loading class com/fasterxml/jackson/annotation/ObjectIdGenerators$PropertyGenerator
Event: 5.977 loading class com/fasterxml/jackson/annotation/ObjectIdGenerators$PropertyGenerator done
Event: 5.977 loading class com/fasterxml/jackson/annotation/ObjectIdGenerators$Base
Event: 5.977 loading class com/fasterxml/jackson/annotation/ObjectIdGenerators$Base done
Event: 5.979 loading class com/fasterxml/jackson/databind/deser/impl/MethodProperty
Event: 5.979 loading class com/fasterxml/jackson/databind/deser/impl/MethodProperty done
Event: 5.980 Executing VM operation: CollectForMetadataAllocation


Dynamic libraries:
0x00007ff7768f0000 - 0x00007ff7768fd000 	C:\Program Files\Eclipse Adoptium\jdk-11.0.15.10-hotspot\bin\javaw.exe
0x00007ffc3e7d0000 - 0x00007ffc3e9c8000 	C:\WINDOWS\SYSTEM32\ntdll.dll
0x00007ffc3cfb0000 - 0x00007ffc3d06d000 	C:\WINDOWS\System32\KERNEL32.DLL
0x00007ffc3bef0000 - 0x00007ffc3c1be000 	C:\WINDOWS\System32\KERNELBASE.dll
0x00007ffc3c1c0000 - 0x00007ffc3c2c0000 	C:\WINDOWS\System32\ucrtbase.dll
0x00007ffc33750000 - 0x00007ffc33767000 	C:\Program Files\Eclipse Adoptium\jdk-11.0.15.10-hotspot\bin\jli.dll
0x00007ffc3d4e0000 - 0x00007ffc3d680000 	C:\WINDOWS\System32\USER32.dll
0x00007ffc3c7d0000 - 0x00007ffc3c7f2000 	C:\WINDOWS\System32\win32u.dll
0x00007ffc3ce00000 - 0x00007ffc3ce2a000 	C:\WINDOWS\System32\GDI32.dll
0x00007ffc3c4b0000 - 0x00007ffc3c5bb000 	C:\WINDOWS\System32\gdi32full.dll
0x00007ffc3c410000 - 0x00007ffc3c4ad000 	C:\WINDOWS\System32\msvcp_win.dll
0x00007ffc30f80000 - 0x00007ffc30f95000 	C:\Program Files\Eclipse Adoptium\jdk-11.0.15.10-hotspot\bin\VCRUNTIME140.dll
0x00007ffc29b50000 - 0x00007ffc29dea000 	C:\WINDOWS\WinSxS\amd64_microsoft.windows.common-controls_6595b64144ccf1df_6.0.19041.1110_none_60b5254171f9507e\COMCTL32.dll
0x00007ffc3dde0000 - 0x00007ffc3de7e000 	C:\WINDOWS\System32\msvcrt.dll
0x00007ffc3d750000 - 0x00007ffc3d780000 	C:\WINDOWS\System32\IMM32.DLL
0x00007ffc00b40000 - 0x00007ffc00bdb000 	C:\Program Files\Eclipse Adoptium\jdk-11.0.15.10-hotspot\bin\msvcp140.dll
0x00007ffbf7520000 - 0x00007ffbf80a1000 	C:\Program Files\Eclipse Adoptium\jdk-11.0.15.10-hotspot\bin\server\jvm.dll
0x00007ffc3c960000 - 0x00007ffc3ca0e000 	C:\WINDOWS\System32\ADVAPI32.dll
0x00007ffc3dd40000 - 0x00007ffc3dddc000 	C:\WINDOWS\System32\sechost.dll
0x00007ffc3e5e0000 - 0x00007ffc3e705000 	C:\WINDOWS\System32\RPCRT4.dll
0x00007ffc3de80000 - 0x00007ffc3de88000 	C:\WINDOWS\System32\PSAPI.DLL
0x00007ffc37bd0000 - 0x00007ffc37bd9000 	C:\WINDOWS\SYSTEM32\WSOCK32.dll
0x00007ffc3d680000 - 0x00007ffc3d6eb000 	C:\WINDOWS\System32\WS2_32.dll
0x00007ffc363d0000 - 0x00007ffc363f7000 	C:\WINDOWS\SYSTEM32\WINMM.dll
0x00007ffc32da0000 - 0x00007ffc32daa000 	C:\WINDOWS\SYSTEM32\VERSION.dll
0x00007ffc39df0000 - 0x00007ffc39e02000 	C:\WINDOWS\SYSTEM32\kernel.appcore.dll
0x00007ffc35920000 - 0x00007ffc35930000 	C:\Program Files\Eclipse Adoptium\jdk-11.0.15.10-hotspot\bin\verify.dll
0x00007ffc34770000 - 0x00007ffc34954000 	C:\WINDOWS\SYSTEM32\DBGHELP.DLL
0x00007ffc346f0000 - 0x00007ffc3471c000 	C:\WINDOWS\SYSTEM32\dbgcore.DLL
0x00007ffc3c2c0000 - 0x00007ffc3c342000 	C:\WINDOWS\System32\bcryptPrimitives.dll
0x00007ffc33be0000 - 0x00007ffc33c08000 	C:\Program Files\Eclipse Adoptium\jdk-11.0.15.10-hotspot\bin\java.dll
0x00007ffc35910000 - 0x00007ffc3591a000 	C:\Program Files\Eclipse Adoptium\jdk-11.0.15.10-hotspot\bin\jimage.dll
0x00007ffc30fb0000 - 0x00007ffc30fc8000 	C:\Program Files\Eclipse Adoptium\jdk-11.0.15.10-hotspot\bin\zip.dll
0x00007ffc3de90000 - 0x00007ffc3e5d4000 	C:\WINDOWS\System32\SHELL32.dll
0x00007ffc39ff0000 - 0x00007ffc3a784000 	C:\WINDOWS\SYSTEM32\windows.storage.dll
0x00007ffc3d930000 - 0x00007ffc3dc84000 	C:\WINDOWS\System32\combase.dll
0x00007ffc3b950000 - 0x00007ffc3b980000 	C:\WINDOWS\SYSTEM32\Wldp.dll
0x00007ffc3dc90000 - 0x00007ffc3dd3d000 	C:\WINDOWS\System32\SHCORE.dll
0x00007ffc3d6f0000 - 0x00007ffc3d745000 	C:\WINDOWS\System32\shlwapi.dll
0x00007ffc3be30000 - 0x00007ffc3be4f000 	C:\WINDOWS\SYSTEM32\profapi.dll
0x00007ffc26b10000 - 0x00007ffc26b29000 	C:\Program Files\Eclipse Adoptium\jdk-11.0.15.10-hotspot\bin\net.dll
0x00007ffc33400000 - 0x00007ffc3350a000 	C:\WINDOWS\SYSTEM32\WINHTTP.dll
0x00007ffc3b6b0000 - 0x00007ffc3b71a000 	C:\WINDOWS\system32\mswsock.dll
0x00007ffc268c0000 - 0x00007ffc268d3000 	C:\Program Files\Eclipse Adoptium\jdk-11.0.15.10-hotspot\bin\nio.dll
0x00007ffc33740000 - 0x00007ffc33749000 	C:\Program Files\Eclipse Adoptium\jdk-11.0.15.10-hotspot\bin\management.dll
0x00007ffc32fb0000 - 0x00007ffc32fbb000 	C:\Program Files\Eclipse Adoptium\jdk-11.0.15.10-hotspot\bin\management_ext.dll
0x00007ffc27230000 - 0x00007ffc27247000 	C:\WINDOWS\system32\napinsp.dll
0x00007ffc27210000 - 0x00007ffc2722b000 	C:\WINDOWS\system32\pnrpnsp.dll
0x00007ffc271f0000 - 0x00007ffc27205000 	C:\WINDOWS\system32\wshbth.dll
0x00007ffc358c0000 - 0x00007ffc358dd000 	C:\WINDOWS\system32\NLAapi.dll
0x00007ffc3b350000 - 0x00007ffc3b38b000 	C:\WINDOWS\SYSTEM32\IPHLPAPI.DLL
0x00007ffc3b3a0000 - 0x00007ffc3b46a000 	C:\WINDOWS\SYSTEM32\DNSAPI.dll
0x00007ffc3cf10000 - 0x00007ffc3cf18000 	C:\WINDOWS\System32\NSI.dll
0x00007ffc271d0000 - 0x00007ffc271e2000 	C:\WINDOWS\System32\winrnr.dll
0x00007ffc32ea0000 - 0x00007ffc32eaa000 	C:\Windows\System32\rasadhlp.dll
0x00007ffc32ad0000 - 0x00007ffc32b50000 	C:\WINDOWS\System32\fwpuclnt.dll
0x00007ffc3c800000 - 0x00007ffc3c827000 	C:\WINDOWS\System32\bcrypt.dll
0x00007ffc3b8a0000 - 0x00007ffc3b8b8000 	C:\WINDOWS\SYSTEM32\CRYPTSP.dll
0x00007ffc3afc0000 - 0x00007ffc3aff4000 	C:\WINDOWS\system32\rsaenh.dll
0x00007ffc3bdf0000 - 0x00007ffc3be1e000 	C:\WINDOWS\SYSTEM32\USERENV.dll
0x00007ffc3b8c0000 - 0x00007ffc3b8cc000 	C:\WINDOWS\SYSTEM32\CRYPTBASE.dll
0x00007ffc35700000 - 0x00007ffc35717000 	C:\WINDOWS\SYSTEM32\dhcpcsvc6.DLL
0x00007ffc356e0000 - 0x00007ffc356fd000 	C:\WINDOWS\SYSTEM32\dhcpcsvc.DLL

dbghelp: loaded successfully - version: 4.0.5 - missing functions: none
symbol engine: initialized successfully - sym options: 0x614 - pdb path: .;C:\Program Files\Eclipse Adoptium\jdk-11.0.15.10-hotspot\bin;C:\WINDOWS\SYSTEM32;C:\WINDOWS\WinSxS\amd64_microsoft.windows.common-controls_6595b64144ccf1df_6.0.19041.1110_none_60b5254171f9507e;C:\Program Files\Eclipse Adoptium\jdk-11.0.15.10-hotspot\bin\server

VM Arguments:
jvm_args: -Dcom.sun.management.jmxremote -Dcom.sun.management.jmxremote.port=54738 -Dcom.sun.management.jmxremote.authenticate=false -Dcom.sun.management.jmxremote.ssl=false -Djava.rmi.server.hostname=localhost -Dspring.jmx.enabled=true -Dspring.liveBeansView.mbeanDomain -Dspring.application.admin.enabled=true -XX:TieredStopAtLevel=1 -Dspring.boot.project.name=LoginMicroservicesAPI -Dfile.encoding=UTF-8 
java_command: com.app.ReceptionistMicroservicesApiApplication --spring.output.ansi.enabled=always
java_class_path (initial): C:\Users\Lenovo\Desktop\ProjectCDAC\Backend\hms_backend\LoginMicroservicesAPI\target\classes;C:\Users\Lenovo\.m2\repository\org\springframework\boot\spring-boot-starter-data-jpa\2.7.3\spring-boot-starter-data-jpa-2.7.3.jar;C:\Users\Lenovo\.m2\repository\org\springframework\boot\spring-boot-starter-aop\2.7.3\spring-boot-starter-aop-2.7.3.jar;C:\Users\Lenovo\.m2\repository\org\aspectj\aspectjweaver\1.9.7\aspectjweaver-1.9.7.jar;C:\Users\Lenovo\.m2\repository\org\springframework\boot\spring-boot-starter-jdbc\2.7.3\spring-boot-starter-jdbc-2.7.3.jar;C:\Users\Lenovo\.m2\repository\com\zaxxer\HikariCP\4.0.3\HikariCP-4.0.3.jar;C:\Users\Lenovo\.m2\repository\org\springframework\spring-jdbc\5.3.22\spring-jdbc-5.3.22.jar;C:\Users\Lenovo\.m2\repository\jakarta\transaction\jakarta.transaction-api\1.3.3\jakarta.transaction-api-1.3.3.jar;C:\Users\Lenovo\.m2\repository\jakarta\persistence\jakarta.persistence-api\2.2.3\jakarta.persistence-api-2.2.3.jar;C:\Users\Lenovo\.m2\repository\org\hibernate\hibernate-core\5.6.10.Final\hibernate-core-5.6.10.Final.jar;C:\Users\Lenovo\.m2\repository\org\jboss\logging\jboss-logging\3.4.3.Final\jboss-logging-3.4.3.Final.jar;C:\Users\Lenovo\.m2\repository\net\bytebuddy\byte-buddy\1.12.13\byte-buddy-1.12.13.jar;C:\Users\Lenovo\.m2\repository\antlr\antlr\2.7.7\antlr-2.7.7.jar;C:\Users\Lenovo\.m2\repository\org\jboss\jandex\2.4.2.Final\jandex-2.4.2.Final.jar;C:\Users\Lenovo\.m2\repository\com\fasterxml\classmate\1.5.1\classmate-1.5.1.jar;C:\Users\Lenovo\.m2\repository\org\hibernate\common\hibernate-commons-annotations\5.1.2.Final\hibernate-commons-annotations-5.1.2.Final.jar;C:\Users\Lenovo\.m2\repository\org\glassfish\jaxb\jaxb-runtime\2.3.6\jaxb-runtime-2.3.6.jar;C:\Users\Lenovo\.m2\repository\org\glassfish\jaxb\txw2\2.3.6\txw2-2.3.6.jar;C:\Users\Lenovo\.m2\repository\com\sun\istack\istack-commons-runtime\3.0.12\istack-commons-runtime-3.0.12.jar;C:\Users\Lenovo\.m2\repository\com\sun\activation\jakarta.activation\1.2.2\j
Launcher Type: SUN_STANDARD

[Global flags]
     intx CICompilerCount                          = 3                                         {product} {ergonomic}
     uint ConcGCThreads                            = 1                                         {product} {ergonomic}
     uint G1ConcRefinementThreads                  = 4                                         {product} {ergonomic}
   size_t G1HeapRegionSize                         = 1048576                                   {product} {ergonomic}
    uintx GCDrainStackTargetSize                   = 64                                        {product} {ergonomic}
   size_t InitialHeapSize                          = 134217728                                 {product} {ergonomic}
     bool ManagementServer                         = true                                      {product} {command line}
   size_t MarkStackSize                            = 4194304                                   {product} {ergonomic}
   size_t MaxHeapSize                              = 2120220672                                {product} {ergonomic}
   size_t MaxNewSize                               = 1271922688                                {product} {ergonomic}
   size_t MinHeapDeltaBytes                        = 1048576                                   {product} {ergonomic}
    uintx NonNMethodCodeHeapSize                   = 6973028                                {pd product} {ergonomic}
    uintx NonProfiledCodeHeapSize                  = 244685212                              {pd product} {ergonomic}
    uintx ProfiledCodeHeapSize                     = 0                                      {pd product} {ergonomic}
    uintx ReservedCodeCacheSize                    = 251658240                              {pd product} {ergonomic}
     bool SegmentedCodeCache                       = true                                      {product} {ergonomic}
     intx TieredStopAtLevel                        = 1                                         {product} {command line}
     bool UseCompressedClassPointers               = true                                 {lp64_product} {ergonomic}
     bool UseCompressedOops                        = true                                 {lp64_product} {ergonomic}
     bool UseG1GC                                  = true                                      {product} {ergonomic}
     bool UseLargePagesIndividualAllocation        = false                                  {pd product} {ergonomic}

Logging:
Log output configuration:
 #0: stdout all=warning uptime,level,tags
 #1: stderr all=off uptime,level,tags

Environment Variables:
PATH=C:/Program Files/Eclipse Adoptium/jdk-11.0.15.10-hotspot/bin/server;C:/Program Files/Eclipse Adoptium/jdk-11.0.15.10-hotspot/bin;C:\Program Files\Eclipse Adoptium\jdk-11.0.15.10-hotspot\bin;C:\WINDOWS\system32;C:\WINDOWS;C:\WINDOWS\System32\Wbem;C:\WINDOWS\System32\WindowsPowerShell\v1.0\;C:\WINDOWS\System32\OpenSSH\;C:\Program Files\nodejs\;C:\Program Files\Git\cmd;C:\Program Files\Microsoft VS Code\bin;C:\Program Files\Microsoft SQL Server\150\Tools\Binn\;C:\Program Files\dotnet\;C:\Program Files\Microsoft SQL Server\Client SDK\ODBC\170\Tools\Binn\;C:\Program Files\MySQL\MySQL Server 8.0\bin;C:\Program Files\MySQL\MySQL Shell 8.0\bin\;C:\Users\Lenovo\AppData\Local\Microsoft\WindowsApps;C:\Users\Lenovo\AppData\Roaming\npm;C:\Users\Lenovo\.dotnet\tools;;E:\sts-3.9.18.RELEASE;
USERNAME=Lenovo
OS=Windows_NT
PROCESSOR_IDENTIFIER=Intel64 Family 6 Model 69 Stepping 1, GenuineIntel



---------------  S Y S T E M  ---------------

OS: Windows 10 , 64 bit Build 19041 (10.0.19041.1889)
OS uptime: 31 days 15:54 hours

CPU:total 4 (initial active 4) (2 cores per cpu, 2 threads per core) family 6 model 69 stepping 1 microcode 0x25, cmov, cx8, fxsr, mmx, sse, sse2, sse3, ssse3, sse4.1, sse4.2, popcnt, avx, avx2, aes, clmul, erms, lzcnt, ht, tsc, tscinvbit, bmi1, bmi2, fma

Memory: 4k page, system-wide physical 8084M (253M free)
TotalPageFile size 32660M (AvailPageFile size 0M)
current process WorkingSet (physical memory assigned to process): 152M, peak: 152M
current process commit charge ("private bytes"): 235M, peak: 236M

vm_info: OpenJDK 64-Bit Server VM (11.0.15+10) for windows-amd64 JRE (11.0.15+10), built on Apr 19 2022 22:29:44 by "" with unknown MS VC++:1916

END.
